Flow report for Computer
Sat May 27 16:53:30 2023
Quartus Prime Version 17.1.0 Build 590 10/25/2017 SJ Lite Edition


---------------------
; Table of Contents ;
---------------------
  1. Legal Notice
  2. Flow Summary
  3. Flow Settings
  4. Flow Non-Default Global Settings
  5. Flow Elapsed Time
  6. Flow OS Summary
  7. Flow Log
  8. Flow Messages
  9. Flow Suppressed Messages



----------------
; Legal Notice ;
----------------
Copyright (C) 2017  Intel Corporation. All rights reserved.
Your use of Intel Corporation's design tools, logic functions 
and other software and tools, and its AMPP partner logic 
functions, and any output files from any of the foregoing 
(including device programming or simulation files), and any 
associated documentation or information are expressly subject 
to the terms and conditions of the Intel Program License 
Subscription Agreement, the Intel Quartus Prime License Agreement,
the Intel FPGA IP License Agreement, or other applicable license
agreement, including, without limitation, that your use is for
the sole purpose of programming logic devices manufactured by
Intel and sold by Intel or its authorized distributors.  Please
refer to the applicable agreement for further details.



+----------------------------------------------------------------------------------+
; Flow Summary                                                                     ;
+------------------------------------+---------------------------------------------+
; Flow Status                        ; Successful - Sat May 27 16:53:30 2023       ;
; Quartus Prime Version              ; 17.1.0 Build 590 10/25/2017 SJ Lite Edition ;
; Revision Name                      ; Computer                                    ;
; Top-level Entity Name              ; Computer                                    ;
; Family                             ; Cyclone IV E                                ;
; Device                             ; EP4CE55F23C8                                ;
; Timing Models                      ; Final                                       ;
; Total logic elements               ; 280 / 55,856 ( < 1 % )                      ;
;     Total combinational functions  ; 239 / 55,856 ( < 1 % )                      ;
;     Dedicated logic registers      ; 99 / 55,856 ( < 1 % )                       ;
; Total registers                    ; 99                                          ;
; Total pins                         ; 126 / 325 ( 39 % )                          ;
; Total virtual pins                 ; 0                                           ;
; Total memory bits                  ; 3,584 / 2,396,160 ( < 1 % )                 ;
; Embedded Multiplier 9-bit elements ; 0 / 308 ( 0 % )                             ;
; Total PLLs                         ; 0 / 4 ( 0 % )                               ;
+------------------------------------+---------------------------------------------+


+-----------------------------------------+
; Flow Settings                           ;
+-------------------+---------------------+
; Option            ; Setting             ;
+-------------------+---------------------+
; Start date & time ; 05/26/2023 15:18:52 ;
; Main task         ; Compilation         ;
; Revision Name     ; Computer            ;
+-------------------+---------------------+


+-------------------------------------------------------------------------------------------------------------------------+
; Flow Non-Default Global Settings                                                                                        ;
+-------------------------------------+----------------------------------------+---------------+-------------+------------+
; Assignment Name                     ; Value                                  ; Default Value ; Entity Name ; Section Id ;
+-------------------------------------+----------------------------------------+---------------+-------------+------------+
; COMPILER_SIGNATURE_ID               ; 186420324735.168508553204128           ; --            ; --          ; --         ;
; MAX_CORE_JUNCTION_TEMP              ; 85                                     ; --            ; --          ; --         ;
; MIN_CORE_JUNCTION_TEMP              ; 0                                      ; --            ; --          ; --         ;
; MISC_FILE                           ; lpm_mux1.bsf                           ; --            ; --          ; --         ;
; MISC_FILE                           ; lpm_mux1_bb.v                          ; --            ; --          ; --         ;
; MISC_FILE                           ; lpm_mux1.cmp                           ; --            ; --          ; --         ;
; MISC_FILE                           ; lpm_counter0.bsf                       ; --            ; --          ; --         ;
; MISC_FILE                           ; lpm_counter0_bb.v                      ; --            ; --          ; --         ;
; MISC_FILE                           ; lpm_mux22.bsf                          ; --            ; --          ; --         ;
; MISC_FILE                           ; lpm_mux22_bb.v                         ; --            ; --          ; --         ;
; NOMINAL_CORE_SUPPLY_VOLTAGE         ; 1.2V                                   ; --            ; --          ; --         ;
; PARTITION_COLOR                     ; -- (Not supported for targeted family) ; --            ; --          ; Top        ;
; PARTITION_FITTER_PRESERVATION_LEVEL ; -- (Not supported for targeted family) ; --            ; --          ; Top        ;
; PARTITION_NETLIST_TYPE              ; -- (Not supported for targeted family) ; --            ; --          ; Top        ;
; POWER_BOARD_THERMAL_MODEL           ; None (CONSERVATIVE)                    ; --            ; --          ; --         ;
; POWER_PRESET_COOLING_SOLUTION       ; 23 MM HEAT SINK WITH 200 LFPM AIRFLOW  ; --            ; --          ; --         ;
; PROJECT_OUTPUT_DIRECTORY            ; output_files                           ; --            ; --          ; --         ;
+-------------------------------------+----------------------------------------+---------------+-------------+------------+


+-------------------------------------------------------------------------------------------------------------------------------+
; Flow Elapsed Time                                                                                                             ;
+---------------------------+--------------+-------------------------+---------------------+------------------------------------+
; Module Name               ; Elapsed Time ; Average Processors Used ; Peak Virtual Memory ; Total CPU Time (on all processors) ;
+---------------------------+--------------+-------------------------+---------------------+------------------------------------+
; Analysis & Synthesis      ; 00:00:11     ; 1.0                     ; 4842 MB             ; 00:00:23                           ;
; Fitter                    ; 00:00:13     ; 1.0                     ; 5732 MB             ; 00:00:19                           ;
; Assembler                 ; 00:00:02     ; 1.0                     ; 4678 MB             ; 00:00:02                           ;
; TimeQuest Timing Analyzer ; 00:00:02     ; 1.1                     ; 4821 MB             ; 00:00:02                           ;
; EDA Netlist Writer        ; 00:00:01     ; 1.0                     ; 4626 MB             ; 00:00:00                           ;
; EDA Netlist Writer        ; 00:00:01     ; 1.0                     ; 4635 MB             ; 00:00:01                           ;
; EDA Netlist Writer        ; 00:00:01     ; 1.0                     ; 4626 MB             ; 00:00:01                           ;
; EDA Netlist Writer        ; 00:00:00     ; 1.0                     ; 4635 MB             ; 00:00:01                           ;
; Total                     ; 00:00:31     ; --                      ; --                  ; 00:00:49                           ;
+---------------------------+--------------+-------------------------+---------------------+------------------------------------+


+-----------------------------------------------------------------------------------------+
; Flow OS Summary                                                                         ;
+---------------------------+------------------+------------+------------+----------------+
; Module Name               ; Machine Hostname ; OS Name    ; OS Version ; Processor type ;
+---------------------------+------------------+------------+------------+----------------+
; Analysis & Synthesis      ; DESKTOP-LPMILMQ  ; Windows 10 ; 10.0       ; x86_64         ;
; Fitter                    ; DESKTOP-LPMILMQ  ; Windows 10 ; 10.0       ; x86_64         ;
; Assembler                 ; DESKTOP-LPMILMQ  ; Windows 10 ; 10.0       ; x86_64         ;
; TimeQuest Timing Analyzer ; DESKTOP-LPMILMQ  ; Windows 10 ; 10.0       ; x86_64         ;
; EDA Netlist Writer        ; DESKTOP-LPMILMQ  ; Windows 10 ; 10.0       ; x86_64         ;
; EDA Netlist Writer        ; DESKTOP-LPMILMQ  ; Windows 10 ; 10.0       ; x86_64         ;
; EDA Netlist Writer        ; DESKTOP-LPMILMQ  ; Windows 10 ; 10.0       ; x86_64         ;
; EDA Netlist Writer        ; DESKTOP-LPMILMQ  ; Windows 10 ; 10.0       ; x86_64         ;
+---------------------------+------------------+------------+------------+----------------+


------------
; Flow Log ;
------------
quartus_map --read_settings_files=on --write_settings_files=off Computer -c Computer
quartus_fit --read_settings_files=off --write_settings_files=off Computer -c Computer
quartus_asm --read_settings_files=off --write_settings_files=off Computer -c Computer
quartus_sta Computer -c Computer
quartus_eda --gen_testbench --tool=modelsim_oem --format=verilog --write_settings_files=off Computer -c Computer --vector_source=F:/Computer_restored/Waveform9.vwf --testbench_file=F:/Computer_restored/simulation/qsim/Waveform9.vwf.vt
quartus_eda --write_settings_files=off --simulation=on --functional=on --flatten_buses=off --tool=modelsim_oem --format=verilog --output_directory=F:/Computer_restored/simulation/qsim/ Computer -c Computer
quartus_eda --gen_testbench --tool=modelsim_oem --format=verilog --write_settings_files=off Computer -c Computer --vector_source=F:/Computer_restored/Waveform9.vwf --testbench_file=F:/Computer_restored/simulation/qsim/Waveform9.vwf.vt
quartus_eda --write_settings_files=off --simulation=on --functional=on --flatten_buses=off --tool=modelsim_oem --format=verilog --output_directory=F:/Computer_restored/simulation/qsim/ Computer -c Computer



